<?xml version="1.0" encoding="UTF-8"?>
<!-- Generated by org.testng.reporters.JUnitXMLReporter -->
<testsuite ignored="11" hostname="LTIN271927" failures="1" tests="5" name="Chrome Test" time="176.876" errors="0" timestamp="2024-02-28T13:47:23 IST">
  <testcase classname="testCases.TC001_InvalidGoogleLogin" name="smokeInvalidGoogleLogin" time="1.309">
    <failure type="org.openqa.selenium.NoSuchElementException" message="no such element: Unable to locate element: {&amp;quot;method&amp;quot;:&amp;quot;css selector&amp;quot;,&amp;quot;selector&amp;quot;:&amp;quot;#report_submit_close_login&amp;quot;}
  (Session info: chrome=120.0.6099.130)
For documentation on this error, please visit: https://www.selenium.dev/documentation/webdriver/troubleshooting/errors#no-such-element-exception
Build info: version: &amp;apos;4.17.0&amp;apos;, revision: &amp;apos;e52b1be057*&amp;apos;
System info: os.name: &amp;apos;Windows 11&amp;apos;, os.arch: &amp;apos;amd64&amp;apos;, os.version: &amp;apos;10.0&amp;apos;, java.version: &amp;apos;17.0.9&amp;apos;
Driver info: org.openqa.selenium.chrome.ChromeDriver
Command: [ad63b5835b4b3f08c3a260c2ff2f8c12, findElement {value=report_submit_close_login, using=id}]
Capabilities {acceptInsecureCerts: false, browserName: chrome, browserVersion: 120.0.6099.130, chrome: {chromedriverVersion: 120.0.6099.109 (3419140ab66..., userDataDir: C:\Windows\SystemTemp\scope...}, fedcm:accounts: true, goog:chromeOptions: {debuggerAddress: localhost:57862}, networkConnectionEnabled: false, pageLoadStrategy: normal, platformName: windows, proxy: Proxy(), se:cdp: ws://localhost:57862/devtoo..., se:cdpVersion: 120.0.6099.130, setWindowRect: true, strictFileInteractability: false, timeouts: {implicit: 0, pageLoad: 300000, script: 30000}, unhandledPromptBehavior: dismiss and notify, webauthn:extension:credBlob: true, webauthn:extension:largeBlob: true, webauthn:extension:minPinLength: true, webauthn:extension:prf: true, webauthn:virtualAuthenticators: true}
Session ID: ad63b5835b4b3f08c3a260c2ff2f8c12">
      <![CDATA[org.openqa.selenium.NoSuchElementException: no such element: Unable to locate element: {"method":"css selector","selector":"#report_submit_close_login"}
  (Session info: chrome=120.0.6099.130)
For documentation on this error, please visit: https://www.selenium.dev/documentation/webdriver/troubleshooting/errors#no-such-element-exception
Build info: version: '4.17.0', revision: 'e52b1be057*'
System info: os.name: 'Windows 11', os.arch: 'amd64', os.version: '10.0', java.version: '17.0.9'
Driver info: org.openqa.selenium.chrome.ChromeDriver
Command: [ad63b5835b4b3f08c3a260c2ff2f8c12, findElement {value=report_submit_close_login, using=id}]
Capabilities {acceptInsecureCerts: false, browserName: chrome, browserVersion: 120.0.6099.130, chrome: {chromedriverVersion: 120.0.6099.109 (3419140ab66..., userDataDir: C:\Windows\SystemTemp\scope...}, fedcm:accounts: true, goog:chromeOptions: {debuggerAddress: localhost:57862}, networkConnectionEnabled: false, pageLoadStrategy: normal, platformName: windows, proxy: Proxy(), se:cdp: ws://localhost:57862/devtoo..., se:cdpVersion: 120.0.6099.130, setWindowRect: true, strictFileInteractability: false, timeouts: {implicit: 0, pageLoad: 300000, script: 30000}, unhandledPromptBehavior: dismiss and notify, webauthn:extension:credBlob: true, webauthn:extension:largeBlob: true, webauthn:extension:minPinLength: true, webauthn:extension:prf: true, webauthn:virtualAuthenticators: true}
Session ID: ad63b5835b4b3f08c3a260c2ff2f8c12
at org.openqa.selenium.remote.codec.w3c.W3CHttpResponseCodec.createException(W3CHttpResponseCodec.java:185)
at org.openqa.selenium.remote.codec.w3c.W3CHttpResponseCodec.decode(W3CHttpResponseCodec.java:134)
at org.openqa.selenium.remote.codec.w3c.W3CHttpResponseCodec.decode(W3CHttpResponseCodec.java:51)
at org.openqa.selenium.remote.HttpCommandExecutor.execute(HttpCommandExecutor.java:190)
at org.openqa.selenium.remote.service.DriverCommandExecutor.invokeExecute(DriverCommandExecutor.java:216)
at org.openqa.selenium.remote.service.DriverCommandExecutor.execute(DriverCommandExecutor.java:174)
at org.openqa.selenium.remote.RemoteWebDriver.execute(RemoteWebDriver.java:519)
at org.openqa.selenium.remote.ElementLocation$ElementFinder$2.findElement(ElementLocation.java:165)
at org.openqa.selenium.remote.ElementLocation.findElement(ElementLocation.java:66)
at org.openqa.selenium.remote.RemoteWebDriver.findElement(RemoteWebDriver.java:356)
at org.openqa.selenium.remote.RemoteWebDriver.findElement(RemoteWebDriver.java:350)
at pageObjects.InvalidGoogleLoginPage.checkGoogleOption(InvalidGoogleLoginPage.java:96)
at testCases.TC001_InvalidGoogleLogin.smokeInvalidGoogleLogin(TC001_InvalidGoogleLogin.java:33)
at java.base/java.util.ArrayList.forEach(ArrayList.java:1511)
... Removed 32 stack frames]]>
    </failure>
  </testcase> <!-- smokeInvalidGoogleLogin -->
  <testcase classname="testCases.TC002_BikeDetails" name="smokeBikeDetails" time="27.018"/>
  <testcase classname="testCases.TC003_CarDetails" name="smokeCarDetails" time="51.504"/>
  <testcase classname="testCases.TC004_UsedCarDetails" name="smokePopularCarModel" time="19.36"/>
  <testcase classname="testCases.TC005_HealthInsurance" name="smokeHealthInsurance" time="8.206"/>
  <testcase classname="testCases.TC001_InvalidGoogleLogin" name="testInvalidGoogleLogin" time="0.0">
    <ignored/>
  </testcase> <!-- testInvalidGoogleLogin -->
  <testcase classname="testCases.TC004_UsedCarDetails" name="testUsedCars" time="0.0">
    <ignored/>
  </testcase> <!-- testUsedCars -->
  <testcase classname="testCases.TC004_UsedCarDetails" name="testWriteAllPopularCarModelDetails" time="0.0">
    <ignored/>
  </testcase> <!-- testWriteAllPopularCarModelDetails -->
  <testcase classname="testCases.TC004_UsedCarDetails" name="testWritePopularCarModel" time="0.0">
    <ignored/>
  </testcase> <!-- testWritePopularCarModel -->
  <testcase classname="testCases.TC002_BikeDetails" name="testBikeDetails" time="0.0">
    <ignored/>
  </testcase> <!-- testBikeDetails -->
  <testcase classname="testCases.TC003_CarDetails" name="testCarDetails" time="0.0">
    <ignored/>
  </testcase> <!-- testCarDetails -->
  <testcase classname="testCases.TC005_HealthInsurance" name="testWriteHealthInsurancePlan" time="0.0">
    <ignored/>
  </testcase> <!-- testWriteHealthInsurancePlan -->
  <testcase classname="testCases.TC002_BikeDetails" name="testWriteBikeDetails" time="0.0">
    <ignored/>
  </testcase> <!-- testWriteBikeDetails -->
  <testcase classname="testCases.TC005_HealthInsurance" name="testHealthInsurance" time="0.0">
    <ignored/>
  </testcase> <!-- testHealthInsurance -->
  <testcase classname="testCases.TC005_HealthInsurance" name="testWriteHealthInsuranceBrandName" time="0.0">
    <ignored/>
  </testcase> <!-- testWriteHealthInsuranceBrandName -->
  <testcase classname="testCases.TC003_CarDetails" name="testWriteCarDetails" time="0.0">
    <ignored/>
  </testcase> <!-- testWriteCarDetails -->
</testsuite> <!-- Chrome Test -->
