<?xml version="1.0" encoding="UTF-8"?>
<testng-results ignored="0" total="11" passed="9" failed="2" skipped="0">
  <reporter-output>
  </reporter-output>
  <suite started-at="2024-02-27T16:51:20 IST" name="Suite" finished-at="2024-02-27T16:59:49 IST" duration-ms="508491">
    <groups>
    </groups>
    <test started-at="2024-02-27T16:51:20 IST" name="Chrome Test" finished-at="2024-02-27T16:59:49 IST" duration-ms="508491">
      <class name="testCases.TC004_UsedCarDetails">
        <test-method is-config="true" signature="initializeBrowser(java.lang.String)[pri:0, instance:testCases.TC004_UsedCarDetails@710c2b53]" started-at="2024-02-27T16:54:37 IST" name="initializeBrowser" finished-at="2024-02-27T16:55:14 IST" duration-ms="37638" status="PASS">
          <params>
            <param index="0">
              <value>
                <![CDATA[Chrome]]>
              </value>
            </param>
          </params>
          <reporter-output>
          </reporter-output>
        </test-method> <!-- initializeBrowser -->
        <test-method signature="testUsedCars()[pri:0, instance:testCases.TC004_UsedCarDetails@710c2b53]" started-at="2024-02-27T16:55:14 IST" name="testUsedCars" finished-at="2024-02-27T16:55:52 IST" duration-ms="37736" status="PASS">
          <reporter-output>
          </reporter-output>
        </test-method> <!-- testUsedCars -->
        <test-method signature="testWritePopularCarModel()[pri:1, instance:testCases.TC004_UsedCarDetails@710c2b53]" started-at="2024-02-27T16:55:52 IST" name="testWritePopularCarModel" finished-at="2024-02-27T16:55:52 IST" duration-ms="345" status="PASS">
          <reporter-output>
          </reporter-output>
        </test-method> <!-- testWritePopularCarModel -->
        <test-method signature="testWriteAllPopularCarModelDetails()[pri:2, instance:testCases.TC004_UsedCarDetails@710c2b53]" started-at="2024-02-27T16:55:52 IST" name="testWriteAllPopularCarModelDetails" finished-at="2024-02-27T16:57:49 IST" duration-ms="116226" status="PASS">
          <reporter-output>
          </reporter-output>
        </test-method> <!-- testWriteAllPopularCarModelDetails -->
        <test-method is-config="true" signature="closeBrowser()[pri:0, instance:testCases.TC004_UsedCarDetails@710c2b53]" started-at="2024-02-27T16:57:49 IST" name="closeBrowser" finished-at="2024-02-27T16:57:50 IST" duration-ms="1300" status="PASS">
          <reporter-output>
          </reporter-output>
        </test-method> <!-- closeBrowser -->
      </class> <!-- testCases.TC004_UsedCarDetails -->
      <class name="testCases.TC005_HealthInsurance">
        <test-method is-config="true" signature="initializeBrowser(java.lang.String)[pri:0, instance:testCases.TC005_HealthInsurance@5386659f]" started-at="2024-02-27T16:57:50 IST" name="initializeBrowser" finished-at="2024-02-27T16:58:28 IST" duration-ms="38307" status="PASS">
          <params>
            <param index="0">
              <value>
                <![CDATA[Chrome]]>
              </value>
            </param>
          </params>
          <reporter-output>
          </reporter-output>
        </test-method> <!-- initializeBrowser -->
        <test-method signature="testHealthInsurance()[pri:0, instance:testCases.TC005_HealthInsurance@5386659f]" started-at="2024-02-27T16:58:28 IST" name="testHealthInsurance" finished-at="2024-02-27T16:59:32 IST" duration-ms="63324" status="FAIL">
          <exception class="org.openqa.selenium.TimeoutException">
            <message>
              <![CDATA[timeout: Timed out receiving message from renderer: 60.000
  (Session info: chrome=120.0.6099.130)
Build info: version: '4.17.0', revision: 'e52b1be057*'
System info: os.name: 'Windows 11', os.arch: 'amd64', os.version: '10.0', java.version: '17.0.9'
Driver info: org.openqa.selenium.chrome.ChromeDriver
Command: [457ca26c63669df0989035fdc4e37909, clickElement {id=381A17C58981D485B909C33D2C0D2A60_element_168}]
Capabilities {acceptInsecureCerts: false, browserName: chrome, browserVersion: 120.0.6099.130, chrome: {chromedriverVersion: 120.0.6099.109 (3419140ab66..., userDataDir: C:\Windows\SystemTemp\scope...}, fedcm:accounts: true, goog:chromeOptions: {debuggerAddress: localhost:61336}, networkConnectionEnabled: false, pageLoadStrategy: normal, platformName: windows, proxy: Proxy(), se:cdp: ws://localhost:61336/devtoo..., se:cdpVersion: 120.0.6099.130, setWindowRect: true, strictFileInteractability: false, timeouts: {implicit: 0, pageLoad: 300000, script: 30000}, unhandledPromptBehavior: dismiss and notify, webauthn:extension:credBlob: true, webauthn:extension:largeBlob: true, webauthn:extension:minPinLength: true, webauthn:extension:prf: true, webauthn:virtualAuthenticators: true}
Element: [[ChromeDriver: chrome on windows (457ca26c63669df0989035fdc4e37909)] -> xpath: //span[contains(text(), 'Health Insurance')]]
Session ID: 457ca26c63669df0989035fdc4e37909]]>
            </message>
            <full-stacktrace>
              <![CDATA[org.openqa.selenium.TimeoutException: timeout: Timed out receiving message from renderer: 60.000
  (Session info: chrome=120.0.6099.130)
Build info: version: '4.17.0', revision: 'e52b1be057*'
System info: os.name: 'Windows 11', os.arch: 'amd64', os.version: '10.0', java.version: '17.0.9'
Driver info: org.openqa.selenium.chrome.ChromeDriver
Command: [457ca26c63669df0989035fdc4e37909, clickElement {id=381A17C58981D485B909C33D2C0D2A60_element_168}]
Capabilities {acceptInsecureCerts: false, browserName: chrome, browserVersion: 120.0.6099.130, chrome: {chromedriverVersion: 120.0.6099.109 (3419140ab66..., userDataDir: C:\Windows\SystemTemp\scope...}, fedcm:accounts: true, goog:chromeOptions: {debuggerAddress: localhost:61336}, networkConnectionEnabled: false, pageLoadStrategy: normal, platformName: windows, proxy: Proxy(), se:cdp: ws://localhost:61336/devtoo..., se:cdpVersion: 120.0.6099.130, setWindowRect: true, strictFileInteractability: false, timeouts: {implicit: 0, pageLoad: 300000, script: 30000}, unhandledPromptBehavior: dismiss and notify, webauthn:extension:credBlob: true, webauthn:extension:largeBlob: true, webauthn:extension:minPinLength: true, webauthn:extension:prf: true, webauthn:virtualAuthenticators: true}
Element: [[ChromeDriver: chrome on windows (457ca26c63669df0989035fdc4e37909)] -> xpath: //span[contains(text(), 'Health Insurance')]]
Session ID: 457ca26c63669df0989035fdc4e37909
at java.base/jdk.internal.reflect.NativeConstructorAccessorImpl.newInstance0(Native Method)
at java.base/jdk.internal.reflect.NativeConstructorAccessorImpl.newInstance(NativeConstructorAccessorImpl.java:77)
at java.base/jdk.internal.reflect.DelegatingConstructorAccessorImpl.newInstance(DelegatingConstructorAccessorImpl.java:45)
at java.base/java.lang.reflect.Constructor.newInstanceWithCaller(Constructor.java:499)
at java.base/java.lang.reflect.Constructor.newInstance(Constructor.java:480)
at org.openqa.selenium.remote.codec.w3c.W3CHttpResponseCodec.createException(W3CHttpResponseCodec.java:185)
at org.openqa.selenium.remote.codec.w3c.W3CHttpResponseCodec.decode(W3CHttpResponseCodec.java:134)
at org.openqa.selenium.remote.codec.w3c.W3CHttpResponseCodec.decode(W3CHttpResponseCodec.java:51)
at org.openqa.selenium.remote.HttpCommandExecutor.execute(HttpCommandExecutor.java:190)
at org.openqa.selenium.remote.service.DriverCommandExecutor.invokeExecute(DriverCommandExecutor.java:216)
at org.openqa.selenium.remote.service.DriverCommandExecutor.execute(DriverCommandExecutor.java:174)
at org.openqa.selenium.remote.RemoteWebDriver.execute(RemoteWebDriver.java:519)
at org.openqa.selenium.remote.RemoteWebElement.execute(RemoteWebElement.java:223)
at org.openqa.selenium.remote.RemoteWebElement.click(RemoteWebElement.java:76)
at java.base/jdk.internal.reflect.NativeMethodAccessorImpl.invoke0(Native Method)
at java.base/jdk.internal.reflect.NativeMethodAccessorImpl.invoke(NativeMethodAccessorImpl.java:77)
at java.base/jdk.internal.reflect.DelegatingMethodAccessorImpl.invoke(DelegatingMethodAccessorImpl.java:43)
at java.base/java.lang.reflect.Method.invoke(Method.java:568)
at org.openqa.selenium.support.pagefactory.internal.LocatingElementHandler.invoke(LocatingElementHandler.java:51)
at jdk.proxy2/jdk.proxy2.$Proxy30.click(Unknown Source)
at pageObjects.HealthInsurancePage.clickHealthInsurance(HealthInsurancePage.java:90)
at testCases.TC005_HealthInsurance.testHealthInsurance(TC005_HealthInsurance.java:24)
at java.base/jdk.internal.reflect.NativeMethodAccessorImpl.invoke0(Native Method)
at java.base/jdk.internal.reflect.NativeMethodAccessorImpl.invoke(NativeMethodAccessorImpl.java:77)
at java.base/jdk.internal.reflect.DelegatingMethodAccessorImpl.invoke(DelegatingMethodAccessorImpl.java:43)
at java.base/java.lang.reflect.Method.invoke(Method.java:568)
at org.testng.internal.invokers.MethodInvocationHelper.invokeMethod(MethodInvocationHelper.java:139)
at org.testng.internal.invokers.TestInvoker.invokeMethod(TestInvoker.java:664)
at org.testng.internal.invokers.TestInvoker.invokeTestMethod(TestInvoker.java:228)
at org.testng.internal.invokers.MethodRunner.runInSequence(MethodRunner.java:63)
at org.testng.internal.invokers.TestInvoker$MethodInvocationAgent.invoke(TestInvoker.java:961)
at org.testng.internal.invokers.TestInvoker.invokeTestMethods(TestInvoker.java:201)
at org.testng.internal.invokers.TestMethodWorker.invokeTestMethods(TestMethodWorker.java:148)
at org.testng.internal.invokers.TestMethodWorker.run(TestMethodWorker.java:128)
at java.base/java.util.ArrayList.forEach(ArrayList.java:1511)
at org.testng.TestRunner.privateRun(TestRunner.java:819)
at org.testng.TestRunner.run(TestRunner.java:619)
at org.testng.SuiteRunner.runTest(SuiteRunner.java:443)
at org.testng.SuiteRunner.runSequentially(SuiteRunner.java:437)
at org.testng.SuiteRunner.privateRun(SuiteRunner.java:397)
at org.testng.SuiteRunner.run(SuiteRunner.java:336)
at org.testng.SuiteRunnerWorker.runSuite(SuiteRunnerWorker.java:52)
at org.testng.SuiteRunnerWorker.run(SuiteRunnerWorker.java:95)
at org.testng.TestNG.runSuitesSequentially(TestNG.java:1301)
at org.testng.TestNG.runSuitesLocally(TestNG.java:1228)
at org.testng.TestNG.runSuites(TestNG.java:1134)
at org.testng.TestNG.run(TestNG.java:1101)
at org.testng.remote.AbstractRemoteTestNG.run(AbstractRemoteTestNG.java:115)
at org.testng.remote.RemoteTestNG.initAndRun(RemoteTestNG.java:251)
at org.testng.remote.RemoteTestNG.main(RemoteTestNG.java:77)
]]>
            </full-stacktrace>
          </exception> <!-- org.openqa.selenium.TimeoutException -->
          <reporter-output>
          </reporter-output>
        </test-method> <!-- testHealthInsurance -->
        <test-method signature="testWriteHealthInsuranceBrandName()[pri:1, instance:testCases.TC005_HealthInsurance@5386659f]" started-at="2024-02-27T16:59:32 IST" name="testWriteHealthInsuranceBrandName" finished-at="2024-02-27T16:59:47 IST" duration-ms="15184" status="PASS">
          <reporter-output>
          </reporter-output>
        </test-method> <!-- testWriteHealthInsuranceBrandName -->
        <test-method signature="testWriteHealthInsurancePlan()[pri:2, instance:testCases.TC005_HealthInsurance@5386659f]" started-at="2024-02-27T16:59:47 IST" name="testWriteHealthInsurancePlan" finished-at="2024-02-27T16:59:47 IST" duration-ms="155" status="PASS">
          <reporter-output>
          </reporter-output>
        </test-method> <!-- testWriteHealthInsurancePlan -->
        <test-method is-config="true" signature="closeBrowser()[pri:0, instance:testCases.TC005_HealthInsurance@5386659f]" started-at="2024-02-27T16:59:47 IST" name="closeBrowser" finished-at="2024-02-27T16:59:49 IST" duration-ms="1657" status="PASS">
          <reporter-output>
          </reporter-output>
        </test-method> <!-- closeBrowser -->
      </class> <!-- testCases.TC005_HealthInsurance -->
      <class name="testCases.TC003_CarDetails">
        <test-method is-config="true" signature="initializeBrowser(java.lang.String)[pri:0, instance:testCases.TC003_CarDetails@2767e23c]" started-at="2024-02-27T16:54:18 IST" name="initializeBrowser" finished-at="2024-02-27T16:54:23 IST" duration-ms="5634" status="PASS">
          <params>
            <param index="0">
              <value>
                <![CDATA[Chrome]]>
              </value>
            </param>
          </params>
          <reporter-output>
          </reporter-output>
        </test-method> <!-- initializeBrowser -->
        <test-method signature="testCarDetails()[pri:0, instance:testCases.TC003_CarDetails@2767e23c]" started-at="2024-02-27T16:54:23 IST" name="testCarDetails" finished-at="2024-02-27T16:54:33 IST" duration-ms="10175" status="PASS">
          <reporter-output>
          </reporter-output>
        </test-method> <!-- testCarDetails -->
        <test-method signature="testWriteCarDetails()[pri:1, instance:testCases.TC003_CarDetails@2767e23c]" started-at="2024-02-27T16:54:33 IST" name="testWriteCarDetails" finished-at="2024-02-27T16:54:35 IST" duration-ms="2140" status="PASS">
          <reporter-output>
          </reporter-output>
        </test-method> <!-- testWriteCarDetails -->
        <test-method is-config="true" signature="closeBrowser()[pri:0, instance:testCases.TC003_CarDetails@2767e23c]" started-at="2024-02-27T16:54:35 IST" name="closeBrowser" finished-at="2024-02-27T16:54:37 IST" duration-ms="1284" status="PASS">
          <reporter-output>
          </reporter-output>
        </test-method> <!-- closeBrowser -->
      </class> <!-- testCases.TC003_CarDetails -->
      <class name="testCases.TC001_InvalidGoogleLogin">
        <test-method is-config="true" signature="initializeBrowser(java.lang.String)[pri:0, instance:testCases.TC001_InvalidGoogleLogin@33bc72d1]" started-at="2024-02-27T16:51:20 IST" name="initializeBrowser" finished-at="2024-02-27T16:52:48 IST" duration-ms="87808" status="PASS">
          <params>
            <param index="0">
              <value>
                <![CDATA[Chrome]]>
              </value>
            </param>
          </params>
          <reporter-output>
          </reporter-output>
        </test-method> <!-- initializeBrowser -->
        <test-method signature="testInvalidGoogleLogin()[pri:0, instance:testCases.TC001_InvalidGoogleLogin@33bc72d1]" started-at="2024-02-27T16:52:48 IST" name="testInvalidGoogleLogin" finished-at="2024-02-27T16:53:18 IST" duration-ms="29870" status="FAIL">
          <exception class="org.openqa.selenium.TimeoutException">
            <message>
              <![CDATA[Expected condition failed: waiting for pageObjects.BasePage$$Lambda$683/0x0000000800421000@46e64760 (tried for 20 second(s) with 500 milliseconds interval)]]>
            </message>
            <full-stacktrace>
              <![CDATA[org.openqa.selenium.TimeoutException: Expected condition failed: waiting for pageObjects.BasePage$$Lambda$683/0x0000000800421000@46e64760 (tried for 20 second(s) with 500 milliseconds interval)
at org.openqa.selenium.support.ui.WebDriverWait.timeoutException(WebDriverWait.java:84)
at org.openqa.selenium.support.ui.FluentWait.until(FluentWait.java:228)
at pageObjects.BasePage.explicitWait(BasePage.java:27)
at pageObjects.InvalidGoogleLoginPage.printErrorMessage(InvalidGoogleLoginPage.java:67)
at testCases.TC001_InvalidGoogleLogin.testInvalidGoogleLogin(TC001_InvalidGoogleLogin.java:25)
at java.base/jdk.internal.reflect.NativeMethodAccessorImpl.invoke0(Native Method)
at java.base/jdk.internal.reflect.NativeMethodAccessorImpl.invoke(NativeMethodAccessorImpl.java:77)
at java.base/jdk.internal.reflect.DelegatingMethodAccessorImpl.invoke(DelegatingMethodAccessorImpl.java:43)
at java.base/java.lang.reflect.Method.invoke(Method.java:568)
at org.testng.internal.invokers.MethodInvocationHelper.invokeMethod(MethodInvocationHelper.java:139)
at org.testng.internal.invokers.TestInvoker.invokeMethod(TestInvoker.java:664)
at org.testng.internal.invokers.TestInvoker.invokeTestMethod(TestInvoker.java:228)
at org.testng.internal.invokers.MethodRunner.runInSequence(MethodRunner.java:63)
at org.testng.internal.invokers.TestInvoker$MethodInvocationAgent.invoke(TestInvoker.java:961)
at org.testng.internal.invokers.TestInvoker.invokeTestMethods(TestInvoker.java:201)
at org.testng.internal.invokers.TestMethodWorker.invokeTestMethods(TestMethodWorker.java:148)
at org.testng.internal.invokers.TestMethodWorker.run(TestMethodWorker.java:128)
at java.base/java.util.ArrayList.forEach(ArrayList.java:1511)
at org.testng.TestRunner.privateRun(TestRunner.java:819)
at org.testng.TestRunner.run(TestRunner.java:619)
at org.testng.SuiteRunner.runTest(SuiteRunner.java:443)
at org.testng.SuiteRunner.runSequentially(SuiteRunner.java:437)
at org.testng.SuiteRunner.privateRun(SuiteRunner.java:397)
at org.testng.SuiteRunner.run(SuiteRunner.java:336)
at org.testng.SuiteRunnerWorker.runSuite(SuiteRunnerWorker.java:52)
at org.testng.SuiteRunnerWorker.run(SuiteRunnerWorker.java:95)
at org.testng.TestNG.runSuitesSequentially(TestNG.java:1301)
at org.testng.TestNG.runSuitesLocally(TestNG.java:1228)
at org.testng.TestNG.runSuites(TestNG.java:1134)
at org.testng.TestNG.run(TestNG.java:1101)
at org.testng.remote.AbstractRemoteTestNG.run(AbstractRemoteTestNG.java:115)
at org.testng.remote.RemoteTestNG.initAndRun(RemoteTestNG.java:251)
at org.testng.remote.RemoteTestNG.main(RemoteTestNG.java:77)
Caused by: org.openqa.selenium.NoSuchElementException: no such element: Unable to locate element: {"method":"xpath","selector":"//div[@jsname='B34EJ']/div"}
  (Session info: chrome=120.0.6099.130)
For documentation on this error, please visit: https://www.selenium.dev/documentation/webdriver/troubleshooting/errors#no-such-element-exception
Build info: version: '4.17.0', revision: 'e52b1be057*'
System info: os.name: 'Windows 11', os.arch: 'amd64', os.version: '10.0', java.version: '17.0.9'
Driver info: org.openqa.selenium.chrome.ChromeDriver
Command: [cde1209e96a9ae6f0f6aeb88d518b01c, findElement {value=//div[@jsname='B34EJ']/div, using=xpath}]
Capabilities {acceptInsecureCerts: false, browserName: chrome, browserVersion: 120.0.6099.130, chrome: {chromedriverVersion: 120.0.6099.109 (3419140ab66..., userDataDir: C:\Windows\SystemTemp\scope...}, fedcm:accounts: true, goog:chromeOptions: {debuggerAddress: localhost:55635}, networkConnectionEnabled: false, pageLoadStrategy: normal, platformName: windows, proxy: Proxy(), se:cdp: ws://localhost:55635/devtoo..., se:cdpVersion: 120.0.6099.130, setWindowRect: true, strictFileInteractability: false, timeouts: {implicit: 0, pageLoad: 300000, script: 30000}, unhandledPromptBehavior: dismiss and notify, webauthn:extension:credBlob: true, webauthn:extension:largeBlob: true, webauthn:extension:minPinLength: true, webauthn:extension:prf: true, webauthn:virtualAuthenticators: true}
Session ID: cde1209e96a9ae6f0f6aeb88d518b01c
at jdk.internal.reflect.GeneratedConstructorAccessor19.newInstance(Unknown Source)
at java.base/jdk.internal.reflect.DelegatingConstructorAccessorImpl.newInstance(DelegatingConstructorAccessorImpl.java:45)
at java.base/java.lang.reflect.Constructor.newInstanceWithCaller(Constructor.java:499)
at java.base/java.lang.reflect.Constructor.newInstance(Constructor.java:480)
at org.openqa.selenium.remote.codec.w3c.W3CHttpResponseCodec.createException(W3CHttpResponseCodec.java:185)
at org.openqa.selenium.remote.codec.w3c.W3CHttpResponseCodec.decode(W3CHttpResponseCodec.java:134)
at org.openqa.selenium.remote.codec.w3c.W3CHttpResponseCodec.decode(W3CHttpResponseCodec.java:51)
at org.openqa.selenium.remote.HttpCommandExecutor.execute(HttpCommandExecutor.java:190)
at org.openqa.selenium.remote.service.DriverCommandExecutor.invokeExecute(DriverCommandExecutor.java:216)
at org.openqa.selenium.remote.service.DriverCommandExecutor.execute(DriverCommandExecutor.java:174)
at org.openqa.selenium.remote.RemoteWebDriver.execute(RemoteWebDriver.java:519)
at org.openqa.selenium.remote.ElementLocation$ElementFinder$2.findElement(ElementLocation.java:165)
at org.openqa.selenium.remote.ElementLocation.findElement(ElementLocation.java:59)
at org.openqa.selenium.remote.RemoteWebDriver.findElement(RemoteWebDriver.java:356)
at org.openqa.selenium.remote.RemoteWebDriver.findElement(RemoteWebDriver.java:350)
at org.openqa.selenium.support.pagefactory.DefaultElementLocator.findElement(DefaultElementLocator.java:68)
at org.openqa.selenium.support.pagefactory.internal.LocatingElementHandler.invoke(LocatingElementHandler.java:38)
at jdk.proxy2/jdk.proxy2.$Proxy30.isDisplayed(Unknown Source)
at pageObjects.BasePage.lambda$0(BasePage.java:27)
at org.openqa.selenium.support.ui.FluentWait.until(FluentWait.java:203)
... 31 more
]]>
            </full-stacktrace>
          </exception> <!-- org.openqa.selenium.TimeoutException -->
          <reporter-output>
          </reporter-output>
        </test-method> <!-- testInvalidGoogleLogin -->
        <test-method is-config="true" signature="closeBrowser()[pri:0, instance:testCases.TC001_InvalidGoogleLogin@33bc72d1]" started-at="2024-02-27T16:53:18 IST" name="closeBrowser" finished-at="2024-02-27T16:53:19 IST" duration-ms="1291" status="PASS">
          <reporter-output>
          </reporter-output>
        </test-method> <!-- closeBrowser -->
      </class> <!-- testCases.TC001_InvalidGoogleLogin -->
      <class name="testCases.TC002_BikeDetails">
        <test-method is-config="true" signature="initializeBrowser(java.lang.String)[pri:0, instance:testCases.TC002_BikeDetails@6fa51cd4]" started-at="2024-02-27T16:53:19 IST" name="initializeBrowser" finished-at="2024-02-27T16:53:26 IST" duration-ms="6792" status="PASS">
          <params>
            <param index="0">
              <value>
                <![CDATA[Chrome]]>
              </value>
            </param>
          </params>
          <reporter-output>
          </reporter-output>
        </test-method> <!-- initializeBrowser -->
        <test-method signature="testBikeDetails()[pri:0, instance:testCases.TC002_BikeDetails@6fa51cd4]" started-at="2024-02-27T16:53:26 IST" name="testBikeDetails" finished-at="2024-02-27T16:54:12 IST" duration-ms="46034" status="PASS">
          <reporter-output>
          </reporter-output>
        </test-method> <!-- testBikeDetails -->
        <test-method signature="testWriteBikeDetails()[pri:1, instance:testCases.TC002_BikeDetails@6fa51cd4]" started-at="2024-02-27T16:54:12 IST" name="testWriteBikeDetails" finished-at="2024-02-27T16:54:16 IST" duration-ms="4161" status="PASS">
          <reporter-output>
          </reporter-output>
        </test-method> <!-- testWriteBikeDetails -->
        <test-method is-config="true" signature="closeBrowser()[pri:0, instance:testCases.TC002_BikeDetails@6fa51cd4]" started-at="2024-02-27T16:54:16 IST" name="closeBrowser" finished-at="2024-02-27T16:54:18 IST" duration-ms="1278" status="PASS">
          <reporter-output>
          </reporter-output>
        </test-method> <!-- closeBrowser -->
      </class> <!-- testCases.TC002_BikeDetails -->
    </test> <!-- Chrome Test -->
  </suite> <!-- Suite -->
</testng-results>
